Start testing: Sep 27 17:00 PDT
----------------------------------------------------------
1/4 Testing: smoke
1/4 Test: smoke
Command: "/Users/danielding/euclid-engine/build/smoketest"
Directory: /Users/danielding/euclid-engine/build
"smoke" start time: Sep 27 17:00 PDT
Output:
----------------------------------------------------------
<end of output>
Test time =   0.30 sec
----------------------------------------------------------
Test Passed.
"smoke" end time: Sep 27 17:00 PDT
"smoke" time elapsed: 00:00:00
----------------------------------------------------------

2/4 Testing: fen
2/4 Test: fen
Command: "/Users/danielding/euclid-engine/build/fen_test"
Directory: /Users/danielding/euclid-engine/build
"fen" start time: Sep 27 17:00 PDT
Output:
----------------------------------------------------------
<end of output>
Test time =   0.18 sec
----------------------------------------------------------
Test Passed.
"fen" end time: Sep 27 17:00 PDT
"fen" time elapsed: 00:00:00
----------------------------------------------------------

3/4 Testing: perft_smoke
3/4 Test: perft_smoke
Command: "/Users/danielding/euclid-engine/build/perft_smoke"
Directory: /Users/danielding/euclid-engine/build
"perft_smoke" start time: Sep 27 17:00 PDT
Output:
----------------------------------------------------------
<end of output>
Test time =   0.18 sec
----------------------------------------------------------
Test Passed.
"perft_smoke" end time: Sep 27 17:00 PDT
"perft_smoke" time elapsed: 00:00:00
----------------------------------------------------------

4/4 Testing: king_smoke
4/4 Test: king_smoke
Command: "/Users/danielding/euclid-engine/build/king_smoke"
Directory: /Users/danielding/euclid-engine/build
"king_smoke" start time: Sep 27 17:00 PDT
Output:
----------------------------------------------------------
<end of output>
Test time =   0.18 sec
----------------------------------------------------------
Test Passed.
"king_smoke" end time: Sep 27 17:00 PDT
"king_smoke" time elapsed: 00:00:00
----------------------------------------------------------

End testing: Sep 27 17:00 PDT
